2023-02-06 16:12:10.448  INFO 10480 --- [main] com.kun.GatewayNettyApplication          : Starting GatewayNettyApplication using Java 1.8.0_332 on DESKTOP-0U1JJ33 with PID 10480 (D:\JavaProject\gateway-netty\target\classes started by qzyn in D:\JavaProject\gateway-netty)
2023-02-06 16:12:10.450  INFO 10480 --- [main] com.kun.GatewayNettyApplication          : No active profile set, falling back to 1 default profile: "default"
2023-02-06 16:12:11.177  WARN 10480 --- [main] o.m.s.mapper.ClassPathMapperScanner      : No MyBatis mapper was found in '[com.kun]' package. Please check your configuration.
2023-02-06 16:12:11.183  INFO 10480 --- [main] faultConfiguringBeanFactoryPostProcessor : No bean named 'errorChannel' has been explicitly defined. Therefore, a default PublishSubscribeChannel will be created.
2023-02-06 16:12:11.218  INFO 10480 --- [main] faultConfiguringBeanFactoryPostProcessor : No bean named 'integrationHeaderChannelRegistry' has been explicitly defined. Therefore, a default DefaultHeaderChannelRegistry will be created.
2023-02-06 16:12:11.332  INFO 10480 --- [main] trationDelegate$BeanPostProcessorChecker : Bean 'org.springframework.integration.config.IntegrationManagementConfiguration' of type [org.springframework.integration.config.IntegrationManagementConfiguration] is not eligible for getting processed by all BeanPostProcessors (for example: not eligible for auto-proxying)
2023-02-06 16:12:11.366  INFO 10480 --- [main] trationDelegate$BeanPostProcessorChecker : Bean 'integrationChannelResolver' of type [org.springframework.integration.support.channel.BeanFactoryChannelResolver] is not eligible for getting processed by all BeanPostProcessors (for example: not eligible for auto-proxying)
2023-02-06 16:12:11.561  INFO 10480 --- [main] o.s.b.w.embedded.tomcat.TomcatWebServer  : Tomcat initialized with port(s): 8080 (http)
2023-02-06 16:12:11.568  INFO 10480 --- [main] o.apache.catalina.core.StandardService   : Starting service [Tomcat]
2023-02-06 16:12:11.568  INFO 10480 --- [main] org.apache.catalina.core.StandardEngine  : Starting Servlet engine: [Apache Tomcat/9.0.65]
2023-02-06 16:12:11.652  INFO 10480 --- [main] o.a.c.c.C.[Tomcat].[localhost].[/]       : Initializing Spring embedded WebApplicationContext
2023-02-06 16:12:11.652  INFO 10480 --- [main] w.s.c.ServletWebServerApplicationContext : Root WebApplicationContext: initialization completed in 1165 ms
2023-02-06 16:12:11.807 DEBUG 10480 --- [main] s.w.s.m.m.a.RequestMappingHandlerAdapter : ControllerAdvice beans: 0 @ModelAttribute, 0 @InitBinder, 1 RequestBodyAdvice, 1 ResponseBodyAdvice
2023-02-06 16:12:11.855 DEBUG 10480 --- [main] s.w.s.m.m.a.RequestMappingHandlerMapping : 2 mappings in 'requestMappingHandlerMapping'
2023-02-06 16:12:11.886 DEBUG 10480 --- [main] o.s.w.s.handler.SimpleUrlHandlerMapping  : Patterns [/webjars/**, /**] in 'resourceHandlerMapping'
2023-02-06 16:12:11.896 DEBUG 10480 --- [main] .m.m.a.ExceptionHandlerExceptionResolver : ControllerAdvice beans: 0 @ExceptionHandler, 1 ResponseBodyAdvice
2023-02-06 16:12:11.914  WARN 10480 --- [main] ConfigServletWebServerApplicationContext : Exception encountered during context initialization - cancelling refresh attempt: org.springframework.beans.factory.BeanCreationException: Error creating bean with name 'dataSource' defined in class path resource [org/springframework/boot/autoconfigure/jdbc/DataSourceConfiguration$Hikari.class]: Bean instantiation via factory method failed; nested exception is org.springframework.beans.BeanInstantiationException: Failed to instantiate [com.zaxxer.hikari.HikariDataSource]: Factory method 'dataSource' threw exception; nested exception is org.springframework.boot.autoconfigure.jdbc.DataSourceProperties$DataSourceBeanCreationException: Failed to determine a suitable driver class
2023-02-06 16:12:11.916  INFO 10480 --- [main] o.apache.catalina.core.StandardService   : Stopping service [Tomcat]
2023-02-06 16:12:11.926  INFO 10480 --- [main] ConditionEvaluationReportLoggingListener : 

Error starting ApplicationContext. To display the conditions report re-run your application with 'debug' enabled.
2023-02-06 16:12:11.936 ERROR 10480 --- [main] o.s.b.d.LoggingFailureAnalysisReporter   : 

***************************
APPLICATION FAILED TO START
***************************

Description:

Failed to configure a DataSource: 'url' attribute is not specified and no embedded datasource could be configured.

Reason: Failed to determine a suitable driver class


Action:

Consider the following:
	If you want an embedded database (H2, HSQL or Derby), please put it on the classpath.
	If you have database settings to be loaded from a particular profile you may need to activate it (no profiles are currently active).

2023-02-06 16:12:27.312  INFO 10912 --- [main] com.kun.GatewayNettyApplication          : Starting GatewayNettyApplication using Java 1.8.0_332 on DESKTOP-0U1JJ33 with PID 10912 (D:\JavaProject\gateway-netty\target\classes started by qzyn in D:\JavaProject\gateway-netty)
2023-02-06 16:12:27.314  INFO 10912 --- [main] com.kun.GatewayNettyApplication          : No active profile set, falling back to 1 default profile: "default"
2023-02-06 16:12:27.687  WARN 10912 --- [main] o.m.s.mapper.ClassPathMapperScanner      : No MyBatis mapper was found in '[com.kun]' package. Please check your configuration.
2023-02-06 16:12:27.689  INFO 10912 --- [main] faultConfiguringBeanFactoryPostProcessor : No bean named 'errorChannel' has been explicitly defined. Therefore, a default PublishSubscribeChannel will be created.
2023-02-06 16:12:27.696  INFO 10912 --- [main] faultConfiguringBeanFactoryPostProcessor : No bean named 'integrationHeaderChannelRegistry' has been explicitly defined. Therefore, a default DefaultHeaderChannelRegistry will be created.
2023-02-06 16:12:27.775  INFO 10912 --- [main] trationDelegate$BeanPostProcessorChecker : Bean 'org.springframework.integration.config.IntegrationManagementConfiguration' of type [org.springframework.integration.config.IntegrationManagementConfiguration] is not eligible for getting processed by all BeanPostProcessors (for example: not eligible for auto-proxying)
2023-02-06 16:12:27.794  INFO 10912 --- [main] trationDelegate$BeanPostProcessorChecker : Bean 'integrationChannelResolver' of type [org.springframework.integration.support.channel.BeanFactoryChannelResolver] is not eligible for getting processed by all BeanPostProcessors (for example: not eligible for auto-proxying)
2023-02-06 16:12:27.922  INFO 10912 --- [main] o.s.b.w.embedded.tomcat.TomcatWebServer  : Tomcat initialized with port(s): 8943 (http)
2023-02-06 16:12:27.927  INFO 10912 --- [main] o.apache.catalina.core.StandardService   : Starting service [Tomcat]
2023-02-06 16:12:27.927  INFO 10912 --- [main] org.apache.catalina.core.StandardEngine  : Starting Servlet engine: [Apache Tomcat/9.0.65]
2023-02-06 16:12:27.983  INFO 10912 --- [main] o.a.c.c.C.[Tomcat].[localhost].[/]       : Initializing Spring embedded WebApplicationContext
2023-02-06 16:12:27.984  INFO 10912 --- [main] w.s.c.ServletWebServerApplicationContext : Root WebApplicationContext: initialization completed in 644 ms
2023-02-06 16:12:28.085 DEBUG 10912 --- [main] s.w.s.m.m.a.RequestMappingHandlerAdapter : ControllerAdvice beans: 0 @ModelAttribute, 0 @InitBinder, 1 RequestBodyAdvice, 1 ResponseBodyAdvice
2023-02-06 16:12:28.119 DEBUG 10912 --- [main] s.w.s.m.m.a.RequestMappingHandlerMapping : 2 mappings in 'requestMappingHandlerMapping'
2023-02-06 16:12:28.137 DEBUG 10912 --- [main] o.s.w.s.handler.SimpleUrlHandlerMapping  : Patterns [/webjars/**, /**] in 'resourceHandlerMapping'
2023-02-06 16:12:28.142 DEBUG 10912 --- [main] .m.m.a.ExceptionHandlerExceptionResolver : ControllerAdvice beans: 0 @ExceptionHandler, 1 ResponseBodyAdvice
2023-02-06 16:12:28.155  WARN 10912 --- [main] ConfigServletWebServerApplicationContext : Exception encountered during context initialization - cancelling refresh attempt: org.springframework.beans.factory.BeanCreationException: Error creating bean with name 'dataSource' defined in class path resource [org/springframework/boot/autoconfigure/jdbc/DataSourceConfiguration$Hikari.class]: Bean instantiation via factory method failed; nested exception is org.springframework.beans.BeanInstantiationException: Failed to instantiate [com.zaxxer.hikari.HikariDataSource]: Factory method 'dataSource' threw exception; nested exception is org.springframework.boot.autoconfigure.jdbc.DataSourceProperties$DataSourceBeanCreationException: Failed to determine a suitable driver class
2023-02-06 16:12:28.157  INFO 10912 --- [main] o.apache.catalina.core.StandardService   : Stopping service [Tomcat]
2023-02-06 16:12:28.165  INFO 10912 --- [main] ConditionEvaluationReportLoggingListener : 

Error starting ApplicationContext. To display the conditions report re-run your application with 'debug' enabled.
2023-02-06 16:12:28.174 ERROR 10912 --- [main] o.s.b.d.LoggingFailureAnalysisReporter   : 

***************************
APPLICATION FAILED TO START
***************************

Description:

Failed to configure a DataSource: 'url' attribute is not specified and no embedded datasource could be configured.

Reason: Failed to determine a suitable driver class


Action:

Consider the following:
	If you want an embedded database (H2, HSQL or Derby), please put it on the classpath.
	If you have database settings to be loaded from a particular profile you may need to activate it (no profiles are currently active).

2023-02-06 16:12:50.455  INFO 16688 --- [main] com.kun.GatewayNettyApplication          : Starting GatewayNettyApplication using Java 1.8.0_332 on DESKTOP-0U1JJ33 with PID 16688 (D:\JavaProject\gateway-netty\target\classes started by qzyn in D:\JavaProject\gateway-netty)
2023-02-06 16:12:50.457  INFO 16688 --- [main] com.kun.GatewayNettyApplication          : No active profile set, falling back to 1 default profile: "default"
2023-02-06 16:12:50.846  WARN 16688 --- [main] o.m.s.mapper.ClassPathMapperScanner      : No MyBatis mapper was found in '[com.kun]' package. Please check your configuration.
2023-02-06 16:12:50.848  INFO 16688 --- [main] faultConfiguringBeanFactoryPostProcessor : No bean named 'errorChannel' has been explicitly defined. Therefore, a default PublishSubscribeChannel will be created.
2023-02-06 16:12:50.856  INFO 16688 --- [main] faultConfiguringBeanFactoryPostProcessor : No bean named 'integrationHeaderChannelRegistry' has been explicitly defined. Therefore, a default DefaultHeaderChannelRegistry will be created.
2023-02-06 16:12:50.934  INFO 16688 --- [main] trationDelegate$BeanPostProcessorChecker : Bean 'org.springframework.integration.config.IntegrationManagementConfiguration' of type [org.springframework.integration.config.IntegrationManagementConfiguration] is not eligible for getting processed by all BeanPostProcessors (for example: not eligible for auto-proxying)
2023-02-06 16:12:50.953  INFO 16688 --- [main] trationDelegate$BeanPostProcessorChecker : Bean 'integrationChannelResolver' of type [org.springframework.integration.support.channel.BeanFactoryChannelResolver] is not eligible for getting processed by all BeanPostProcessors (for example: not eligible for auto-proxying)
2023-02-06 16:12:51.096  INFO 16688 --- [main] o.s.b.w.embedded.tomcat.TomcatWebServer  : Tomcat initialized with port(s): 8943 (http)
2023-02-06 16:12:51.102  INFO 16688 --- [main] o.apache.catalina.core.StandardService   : Starting service [Tomcat]
2023-02-06 16:12:51.102  INFO 16688 --- [main] org.apache.catalina.core.StandardEngine  : Starting Servlet engine: [Apache Tomcat/9.0.65]
2023-02-06 16:12:51.167  INFO 16688 --- [main] o.a.c.c.C.[Tomcat].[localhost].[/]       : Initializing Spring embedded WebApplicationContext
2023-02-06 16:12:51.168  INFO 16688 --- [main] w.s.c.ServletWebServerApplicationContext : Root WebApplicationContext: initialization completed in 682 ms
2023-02-06 16:12:51.276 DEBUG 16688 --- [main] s.w.s.m.m.a.RequestMappingHandlerAdapter : ControllerAdvice beans: 0 @ModelAttribute, 0 @InitBinder, 1 RequestBodyAdvice, 1 ResponseBodyAdvice
2023-02-06 16:12:51.313 DEBUG 16688 --- [main] s.w.s.m.m.a.RequestMappingHandlerMapping : 2 mappings in 'requestMappingHandlerMapping'
2023-02-06 16:12:51.331 DEBUG 16688 --- [main] o.s.w.s.handler.SimpleUrlHandlerMapping  : Patterns [/webjars/**, /**] in 'resourceHandlerMapping'
2023-02-06 16:12:51.337 DEBUG 16688 --- [main] .m.m.a.ExceptionHandlerExceptionResolver : ControllerAdvice beans: 0 @ExceptionHandler, 1 ResponseBodyAdvice
2023-02-06 16:12:51.350  WARN 16688 --- [main] ConfigServletWebServerApplicationContext : Exception encountered during context initialization - cancelling refresh attempt: org.springframework.beans.factory.BeanCreationException: Error creating bean with name 'dataSource' defined in class path resource [org/springframework/boot/autoconfigure/jdbc/DataSourceConfiguration$Hikari.class]: Bean instantiation via factory method failed; nested exception is org.springframework.beans.BeanInstantiationException: Failed to instantiate [com.zaxxer.hikari.HikariDataSource]: Factory method 'dataSource' threw exception; nested exception is org.springframework.boot.autoconfigure.jdbc.DataSourceProperties$DataSourceBeanCreationException: Failed to determine a suitable driver class
2023-02-06 16:12:51.352  INFO 16688 --- [main] o.apache.catalina.core.StandardService   : Stopping service [Tomcat]
2023-02-06 16:12:51.360  INFO 16688 --- [main] ConditionEvaluationReportLoggingListener : 

Error starting ApplicationContext. To display the conditions report re-run your application with 'debug' enabled.
2023-02-06 16:12:51.368 ERROR 16688 --- [main] o.s.b.d.LoggingFailureAnalysisReporter   : 

***************************
APPLICATION FAILED TO START
***************************

Description:

Failed to configure a DataSource: 'url' attribute is not specified and no embedded datasource could be configured.

Reason: Failed to determine a suitable driver class


Action:

Consider the following:
	If you want an embedded database (H2, HSQL or Derby), please put it on the classpath.
	If you have database settings to be loaded from a particular profile you may need to activate it (no profiles are currently active).

2023-02-06 16:13:32.791  INFO 27552 --- [main] com.kun.GatewayNettyApplication          : Starting GatewayNettyApplication using Java 1.8.0_332 on DESKTOP-0U1JJ33 with PID 27552 (D:\JavaProject\gateway-netty\target\classes started by qzyn in D:\JavaProject\gateway-netty)
2023-02-06 16:13:32.793  INFO 27552 --- [main] com.kun.GatewayNettyApplication          : No active profile set, falling back to 1 default profile: "default"
2023-02-06 16:13:33.191  WARN 27552 --- [main] o.m.s.mapper.ClassPathMapperScanner      : No MyBatis mapper was found in '[com.kun]' package. Please check your configuration.
2023-02-06 16:13:33.193  INFO 27552 --- [main] faultConfiguringBeanFactoryPostProcessor : No bean named 'errorChannel' has been explicitly defined. Therefore, a default PublishSubscribeChannel will be created.
2023-02-06 16:13:33.201  INFO 27552 --- [main] faultConfiguringBeanFactoryPostProcessor : No bean named 'integrationHeaderChannelRegistry' has been explicitly defined. Therefore, a default DefaultHeaderChannelRegistry will be created.
2023-02-06 16:13:33.285  INFO 27552 --- [main] trationDelegate$BeanPostProcessorChecker : Bean 'org.springframework.integration.config.IntegrationManagementConfiguration' of type [org.springframework.integration.config.IntegrationManagementConfiguration] is not eligible for getting processed by all BeanPostProcessors (for example: not eligible for auto-proxying)
2023-02-06 16:13:33.306  INFO 27552 --- [main] trationDelegate$BeanPostProcessorChecker : Bean 'integrationChannelResolver' of type [org.springframework.integration.support.channel.BeanFactoryChannelResolver] is not eligible for getting processed by all BeanPostProcessors (for example: not eligible for auto-proxying)
2023-02-06 16:13:33.439  INFO 27552 --- [main] o.s.b.w.embedded.tomcat.TomcatWebServer  : Tomcat initialized with port(s): 8943 (http)
2023-02-06 16:13:33.445  INFO 27552 --- [main] o.apache.catalina.core.StandardService   : Starting service [Tomcat]
2023-02-06 16:13:33.445  INFO 27552 --- [main] org.apache.catalina.core.StandardEngine  : Starting Servlet engine: [Apache Tomcat/9.0.65]
2023-02-06 16:13:33.503  INFO 27552 --- [main] o.a.c.c.C.[Tomcat].[localhost].[/]       : Initializing Spring embedded WebApplicationContext
2023-02-06 16:13:33.503  INFO 27552 --- [main] w.s.c.ServletWebServerApplicationContext : Root WebApplicationContext: initialization completed in 678 ms
2023-02-06 16:13:33.607 DEBUG 27552 --- [main] s.w.s.m.m.a.RequestMappingHandlerAdapter : ControllerAdvice beans: 0 @ModelAttribute, 0 @InitBinder, 1 RequestBodyAdvice, 1 ResponseBodyAdvice
2023-02-06 16:13:33.641 DEBUG 27552 --- [main] s.w.s.m.m.a.RequestMappingHandlerMapping : 2 mappings in 'requestMappingHandlerMapping'
2023-02-06 16:13:33.658 DEBUG 27552 --- [main] o.s.w.s.handler.SimpleUrlHandlerMapping  : Patterns [/webjars/**, /**] in 'resourceHandlerMapping'
2023-02-06 16:13:33.663 DEBUG 27552 --- [main] .m.m.a.ExceptionHandlerExceptionResolver : ControllerAdvice beans: 0 @ExceptionHandler, 1 ResponseBodyAdvice
2023-02-06 16:13:33.678  WARN 27552 --- [main] ConfigServletWebServerApplicationContext : Exception encountered during context initialization - cancelling refresh attempt: org.springframework.beans.factory.BeanCreationException: Error creating bean with name 'dataSource' defined in class path resource [org/springframework/boot/autoconfigure/jdbc/DataSourceConfiguration$Hikari.class]: Bean instantiation via factory method failed; nested exception is org.springframework.beans.BeanInstantiationException: Failed to instantiate [com.zaxxer.hikari.HikariDataSource]: Factory method 'dataSource' threw exception; nested exception is org.springframework.boot.autoconfigure.jdbc.DataSourceProperties$DataSourceBeanCreationException: Failed to determine suitable jdbc url
2023-02-06 16:13:33.680  INFO 27552 --- [main] o.apache.catalina.core.StandardService   : Stopping service [Tomcat]
2023-02-06 16:13:33.688  INFO 27552 --- [main] ConditionEvaluationReportLoggingListener : 

Error starting ApplicationContext. To display the conditions report re-run your application with 'debug' enabled.
2023-02-06 16:13:33.696 ERROR 27552 --- [main] o.s.b.d.LoggingFailureAnalysisReporter   : 

***************************
APPLICATION FAILED TO START
***************************

Description:

Failed to configure a DataSource: 'url' attribute is not specified and no embedded datasource could be configured.

Reason: Failed to determine suitable jdbc url


Action:

Consider the following:
	If you want an embedded database (H2, HSQL or Derby), please put it on the classpath.
	If you have database settings to be loaded from a particular profile you may need to activate it (no profiles are currently active).

2023-02-06 16:14:14.412  INFO 27736 --- [main] com.kun.GatewayNettyApplication          : Starting GatewayNettyApplication using Java 1.8.0_332 on DESKTOP-0U1JJ33 with PID 27736 (D:\JavaProject\gateway-netty\target\classes started by qzyn in D:\JavaProject\gateway-netty)
2023-02-06 16:14:14.414  INFO 27736 --- [main] com.kun.GatewayNettyApplication          : No active profile set, falling back to 1 default profile: "default"
2023-02-06 16:14:14.794  WARN 27736 --- [main] o.m.s.mapper.ClassPathMapperScanner      : No MyBatis mapper was found in '[com.kun]' package. Please check your configuration.
2023-02-06 16:14:14.796  INFO 27736 --- [main] faultConfiguringBeanFactoryPostProcessor : No bean named 'errorChannel' has been explicitly defined. Therefore, a default PublishSubscribeChannel will be created.
2023-02-06 16:14:14.804  INFO 27736 --- [main] faultConfiguringBeanFactoryPostProcessor : No bean named 'integrationHeaderChannelRegistry' has been explicitly defined. Therefore, a default DefaultHeaderChannelRegistry will be created.
2023-02-06 16:14:14.891  INFO 27736 --- [main] trationDelegate$BeanPostProcessorChecker : Bean 'org.springframework.integration.config.IntegrationManagementConfiguration' of type [org.springframework.integration.config.IntegrationManagementConfiguration] is not eligible for getting processed by all BeanPostProcessors (for example: not eligible for auto-proxying)
2023-02-06 16:14:14.916  INFO 27736 --- [main] trationDelegate$BeanPostProcessorChecker : Bean 'integrationChannelResolver' of type [org.springframework.integration.support.channel.BeanFactoryChannelResolver] is not eligible for getting processed by all BeanPostProcessors (for example: not eligible for auto-proxying)
2023-02-06 16:14:15.067  INFO 27736 --- [main] o.s.b.w.embedded.tomcat.TomcatWebServer  : Tomcat initialized with port(s): 8943 (http)
2023-02-06 16:14:15.074  INFO 27736 --- [main] o.apache.catalina.core.StandardService   : Starting service [Tomcat]
2023-02-06 16:14:15.074  INFO 27736 --- [main] org.apache.catalina.core.StandardEngine  : Starting Servlet engine: [Apache Tomcat/9.0.65]
2023-02-06 16:14:15.141  INFO 27736 --- [main] o.a.c.c.C.[Tomcat].[localhost].[/]       : Initializing Spring embedded WebApplicationContext
2023-02-06 16:14:15.141  INFO 27736 --- [main] w.s.c.ServletWebServerApplicationContext : Root WebApplicationContext: initialization completed in 700 ms
2023-02-06 16:14:15.249 DEBUG 27736 --- [main] s.w.s.m.m.a.RequestMappingHandlerAdapter : ControllerAdvice beans: 0 @ModelAttribute, 0 @InitBinder, 1 RequestBodyAdvice, 1 ResponseBodyAdvice
2023-02-06 16:14:15.286 DEBUG 27736 --- [main] s.w.s.m.m.a.RequestMappingHandlerMapping : 2 mappings in 'requestMappingHandlerMapping'
2023-02-06 16:14:15.306 DEBUG 27736 --- [main] o.s.w.s.handler.SimpleUrlHandlerMapping  : Patterns [/webjars/**, /**] in 'resourceHandlerMapping'
2023-02-06 16:14:15.312 DEBUG 27736 --- [main] .m.m.a.ExceptionHandlerExceptionResolver : ControllerAdvice beans: 0 @ExceptionHandler, 1 ResponseBodyAdvice
2023-02-06 16:14:15.878  INFO 27736 --- [main] o.s.i.endpoint.EventDrivenConsumer       : Adding {logging-channel-adapter:_org.springframework.integration.errorLogger} as a subscriber to the 'errorChannel' channel
2023-02-06 16:14:15.878  INFO 27736 --- [main] o.s.i.channel.PublishSubscribeChannel    : Channel 'application.errorChannel' has 1 subscriber(s).
2023-02-06 16:14:15.879  INFO 27736 --- [main] o.s.i.endpoint.EventDrivenConsumer       : started bean '_org.springframework.integration.errorLogger'
2023-02-06 16:14:15.890  INFO 27736 --- [main] o.s.b.w.embedded.tomcat.TomcatWebServer  : Tomcat started on port(s): 8943 (http) with context path ''
2023-02-06 16:14:15.896  INFO 27736 --- [main] com.kun.GatewayNettyApplication          : Started GatewayNettyApplication in 1.749 seconds (JVM running for 2.313)
2023-02-06 16:14:18.899  INFO 27736 --- [SpringApplicationShutdownHook] o.s.i.endpoint.EventDrivenConsumer       : Removing {logging-channel-adapter:_org.springframework.integration.errorLogger} as a subscriber to the 'errorChannel' channel
2023-02-06 16:14:18.899  INFO 27736 --- [SpringApplicationShutdownHook] o.s.i.channel.PublishSubscribeChannel    : Channel 'application.errorChannel' has 0 subscriber(s).
2023-02-06 16:14:18.899  INFO 27736 --- [SpringApplicationShutdownHook] o.s.i.endpoint.EventDrivenConsumer       : stopped bean '_org.springframework.integration.errorLogger'
2023-02-06 16:21:16.898  INFO 19936 --- [main] com.kun.GatewayNettyApplication          : Starting GatewayNettyApplication using Java 1.8.0_332 on DESKTOP-0U1JJ33 with PID 19936 (D:\JavaProject\gateway-netty\target\classes started by qzyn in D:\JavaProject\gateway-netty)
2023-02-06 16:21:16.900  INFO 19936 --- [main] com.kun.GatewayNettyApplication          : No active profile set, falling back to 1 default profile: "default"
2023-02-06 16:21:17.332  WARN 19936 --- [main] o.m.s.mapper.ClassPathMapperScanner      : No MyBatis mapper was found in '[com.kun]' package. Please check your configuration.
2023-02-06 16:21:17.334  INFO 19936 --- [main] faultConfiguringBeanFactoryPostProcessor : No bean named 'errorChannel' has been explicitly defined. Therefore, a default PublishSubscribeChannel will be created.
2023-02-06 16:21:17.342  INFO 19936 --- [main] faultConfiguringBeanFactoryPostProcessor : No bean named 'integrationHeaderChannelRegistry' has been explicitly defined. Therefore, a default DefaultHeaderChannelRegistry will be created.
2023-02-06 16:21:17.452  INFO 19936 --- [main] trationDelegate$BeanPostProcessorChecker : Bean 'iot.core-com.iteaj.iot.IotCoreProperties' of type [com.iteaj.iot.IotCoreProperties] is not eligible for getting processed by all BeanPostProcessors (for example: not eligible for auto-proxying)
2023-02-06 16:21:17.456  WARN 19936 --- [main] ConfigServletWebServerApplicationContext : Exception encountered during context initialization - cancelling refresh attempt: org.springframework.beans.factory.UnsatisfiedDependencyException: Error creating bean with name 'com.iteaj.iot.IotServeBootstrap': Unsatisfied dependency expressed through field 'serverBootstrapInitializing'; nested exception is org.springframework.beans.factory.BeanCurrentlyInCreationException: Error creating bean with name 'com.iteaj.iot.IotServeBootstrap': Requested bean is currently in creation: Is there an unresolvable circular reference?
2023-02-06 16:21:17.462  INFO 19936 --- [main] ConditionEvaluationReportLoggingListener : 

Error starting ApplicationContext. To display the conditions report re-run your application with 'debug' enabled.
2023-02-06 16:21:17.470 ERROR 19936 --- [main] o.s.b.d.LoggingFailureAnalysisReporter   : 

***************************
APPLICATION FAILED TO START
***************************

Description:

The dependencies of some of the beans in the application context form a cycle:

┌──->──┐
|  com.iteaj.iot.IotServeBootstrap (field private com.iteaj.iot.server.ServerBootstrapInitializing com.iteaj.iot.IotServeBootstrap.serverBootstrapInitializing)
└──<-──┘


Action:

Relying upon circular references is discouraged and they are prohibited by default. Update your application to remove the dependency cycle between beans. As a last resort, it may be possible to break the cycle automatically by setting spring.main.allow-circular-references to true.

2023-02-06 16:27:13.657  INFO 3332 --- [main] com.kun.GatewayNettyApplication          : Starting GatewayNettyApplication using Java 1.8.0_332 on DESKTOP-0U1JJ33 with PID 3332 (D:\JavaProject\gateway-netty\target\classes started by qzyn in D:\JavaProject\gateway-netty)
2023-02-06 16:27:13.659  INFO 3332 --- [main] com.kun.GatewayNettyApplication          : No active profile set, falling back to 1 default profile: "default"
2023-02-06 16:27:14.112  WARN 3332 --- [main] o.m.s.mapper.ClassPathMapperScanner      : No MyBatis mapper was found in '[com.kun]' package. Please check your configuration.
2023-02-06 16:27:14.114  INFO 3332 --- [main] faultConfiguringBeanFactoryPostProcessor : No bean named 'errorChannel' has been explicitly defined. Therefore, a default PublishSubscribeChannel will be created.
2023-02-06 16:27:14.122  INFO 3332 --- [main] faultConfiguringBeanFactoryPostProcessor : No bean named 'integrationHeaderChannelRegistry' has been explicitly defined. Therefore, a default DefaultHeaderChannelRegistry will be created.
2023-02-06 16:27:14.231  INFO 3332 --- [main] trationDelegate$BeanPostProcessorChecker : Bean 'iot.core-com.iteaj.iot.IotCoreProperties' of type [com.iteaj.iot.IotCoreProperties] is not eligible for getting processed by all BeanPostProcessors (for example: not eligible for auto-proxying)
2023-02-06 16:27:14.234  WARN 3332 --- [main] ConfigServletWebServerApplicationContext : Exception encountered during context initialization - cancelling refresh attempt: org.springframework.beans.factory.UnsatisfiedDependencyException: Error creating bean with name 'com.iteaj.iot.IotServeBootstrap': Unsatisfied dependency expressed through field 'serverBootstrapInitializing'; nested exception is org.springframework.beans.factory.BeanCurrentlyInCreationException: Error creating bean with name 'com.iteaj.iot.IotServeBootstrap': Requested bean is currently in creation: Is there an unresolvable circular reference?
2023-02-06 16:27:14.240  INFO 3332 --- [main] ConditionEvaluationReportLoggingListener : 

Error starting ApplicationContext. To display the conditions report re-run your application with 'debug' enabled.
2023-02-06 16:27:14.248 ERROR 3332 --- [main] o.s.b.d.LoggingFailureAnalysisReporter   : 

***************************
APPLICATION FAILED TO START
***************************

Description:

The dependencies of some of the beans in the application context form a cycle:

┌──->──┐
|  com.iteaj.iot.IotServeBootstrap (field private com.iteaj.iot.server.ServerBootstrapInitializing com.iteaj.iot.IotServeBootstrap.serverBootstrapInitializing)
└──<-──┘


Action:

Relying upon circular references is discouraged and they are prohibited by default. Update your application to remove the dependency cycle between beans. As a last resort, it may be possible to break the cycle automatically by setting spring.main.allow-circular-references to true.

2023-02-06 16:29:24.188  INFO 15420 --- [main] com.kun.GatewayNettyApplication          : Starting GatewayNettyApplication using Java 1.8.0_332 on DESKTOP-0U1JJ33 with PID 15420 (D:\JavaProject\gateway-netty\target\classes started by qzyn in D:\JavaProject\gateway-netty)
2023-02-06 16:29:24.190  INFO 15420 --- [main] com.kun.GatewayNettyApplication          : No active profile set, falling back to 1 default profile: "default"
2023-02-06 16:29:24.701  WARN 15420 --- [main] o.m.s.mapper.ClassPathMapperScanner      : No MyBatis mapper was found in '[com.kun]' package. Please check your configuration.
2023-02-06 16:29:24.704  INFO 15420 --- [main] faultConfiguringBeanFactoryPostProcessor : No bean named 'errorChannel' has been explicitly defined. Therefore, a default PublishSubscribeChannel will be created.
2023-02-06 16:29:24.712  INFO 15420 --- [main] faultConfiguringBeanFactoryPostProcessor : No bean named 'integrationHeaderChannelRegistry' has been explicitly defined. Therefore, a default DefaultHeaderChannelRegistry will be created.
2023-02-06 16:29:24.878  INFO 15420 --- [main] trationDelegate$BeanPostProcessorChecker : Bean 'iot.core-com.iteaj.iot.IotCoreProperties' of type [com.iteaj.iot.IotCoreProperties] is not eligible for getting processed by all BeanPostProcessors (for example: not eligible for auto-proxying)
2023-02-06 16:29:24.885  WARN 15420 --- [main] ConfigServletWebServerApplicationContext : Exception encountered during context initialization - cancelling refresh attempt: org.springframework.beans.factory.UnsatisfiedDependencyException: Error creating bean with name 'com.iteaj.iot.IotServeBootstrap': Unsatisfied dependency expressed through field 'serverBootstrapInitializing'; nested exception is org.springframework.beans.factory.BeanCurrentlyInCreationException: Error creating bean with name 'com.iteaj.iot.IotServeBootstrap': Requested bean is currently in creation: Is there an unresolvable circular reference?
2023-02-06 16:29:24.893  INFO 15420 --- [main] ConditionEvaluationReportLoggingListener : 

Error starting ApplicationContext. To display the conditions report re-run your application with 'debug' enabled.
2023-02-06 16:29:24.907 ERROR 15420 --- [main] o.s.b.d.LoggingFailureAnalysisReporter   : 

***************************
APPLICATION FAILED TO START
***************************

Description:

The dependencies of some of the beans in the application context form a cycle:

┌──->──┐
|  com.iteaj.iot.IotServeBootstrap (field private com.iteaj.iot.server.ServerBootstrapInitializing com.iteaj.iot.IotServeBootstrap.serverBootstrapInitializing)
└──<-──┘


Action:

Relying upon circular references is discouraged and they are prohibited by default. Update your application to remove the dependency cycle between beans. As a last resort, it may be possible to break the cycle automatically by setting spring.main.allow-circular-references to true.

2023-02-06 16:30:07.470  INFO 18668 --- [main] com.kun.GatewayNettyApplication          : Starting GatewayNettyApplication using Java 1.8.0_332 on DESKTOP-0U1JJ33 with PID 18668 (D:\JavaProject\gateway-netty\target\classes started by qzyn in D:\JavaProject\gateway-netty)
2023-02-06 16:30:07.473  INFO 18668 --- [main] com.kun.GatewayNettyApplication          : No active profile set, falling back to 1 default profile: "default"
2023-02-06 16:30:07.920  WARN 18668 --- [main] o.m.s.mapper.ClassPathMapperScanner      : No MyBatis mapper was found in '[com.kun]' package. Please check your configuration.
2023-02-06 16:30:07.922  INFO 18668 --- [main] faultConfiguringBeanFactoryPostProcessor : No bean named 'errorChannel' has been explicitly defined. Therefore, a default PublishSubscribeChannel will be created.
2023-02-06 16:30:07.929  INFO 18668 --- [main] faultConfiguringBeanFactoryPostProcessor : No bean named 'integrationHeaderChannelRegistry' has been explicitly defined. Therefore, a default DefaultHeaderChannelRegistry will be created.
2023-02-06 16:30:08.043  INFO 18668 --- [main] trationDelegate$BeanPostProcessorChecker : Bean 'iot.core-com.iteaj.iot.IotCoreProperties' of type [com.iteaj.iot.IotCoreProperties] is not eligible for getting processed by all BeanPostProcessors (for example: not eligible for auto-proxying)
2023-02-06 16:30:08.046  WARN 18668 --- [main] ConfigServletWebServerApplicationContext : Exception encountered during context initialization - cancelling refresh attempt: org.springframework.beans.factory.UnsatisfiedDependencyException: Error creating bean with name 'com.iteaj.iot.IotServeBootstrap': Unsatisfied dependency expressed through field 'serverBootstrapInitializing'; nested exception is org.springframework.beans.factory.BeanCurrentlyInCreationException: Error creating bean with name 'com.iteaj.iot.IotServeBootstrap': Requested bean is currently in creation: Is there an unresolvable circular reference?
2023-02-06 16:30:08.052  INFO 18668 --- [main] ConditionEvaluationReportLoggingListener : 

Error starting ApplicationContext. To display the conditions report re-run your application with 'debug' enabled.
2023-02-06 16:30:08.060 ERROR 18668 --- [main] o.s.b.d.LoggingFailureAnalysisReporter   : 

***************************
APPLICATION FAILED TO START
***************************

Description:

The dependencies of some of the beans in the application context form a cycle:

┌──->──┐
|  com.iteaj.iot.IotServeBootstrap (field private com.iteaj.iot.server.ServerBootstrapInitializing com.iteaj.iot.IotServeBootstrap.serverBootstrapInitializing)
└──<-──┘


Action:

Relying upon circular references is discouraged and they are prohibited by default. Update your application to remove the dependency cycle between beans. As a last resort, it may be possible to break the cycle automatically by setting spring.main.allow-circular-references to true.

2023-02-06 16:31:15.059  INFO 27924 --- [main] com.kun.GatewayNettyApplication          : Starting GatewayNettyApplication using Java 1.8.0_332 on DESKTOP-0U1JJ33 with PID 27924 (D:\JavaProject\gateway-netty\target\classes started by qzyn in D:\JavaProject\gateway-netty)
2023-02-06 16:31:15.061  INFO 27924 --- [main] com.kun.GatewayNettyApplication          : No active profile set, falling back to 1 default profile: "default"
2023-02-06 16:31:15.503  WARN 27924 --- [main] o.m.s.mapper.ClassPathMapperScanner      : No MyBatis mapper was found in '[com.kun]' package. Please check your configuration.
2023-02-06 16:31:15.505  INFO 27924 --- [main] faultConfiguringBeanFactoryPostProcessor : No bean named 'errorChannel' has been explicitly defined. Therefore, a default PublishSubscribeChannel will be created.
2023-02-06 16:31:15.513  INFO 27924 --- [main] faultConfiguringBeanFactoryPostProcessor : No bean named 'integrationHeaderChannelRegistry' has been explicitly defined. Therefore, a default DefaultHeaderChannelRegistry will be created.
2023-02-06 16:31:15.626  INFO 27924 --- [main] trationDelegate$BeanPostProcessorChecker : Bean 'iot.core-com.iteaj.iot.IotCoreProperties' of type [com.iteaj.iot.IotCoreProperties] is not eligible for getting processed by all BeanPostProcessors (for example: not eligible for auto-proxying)
2023-02-06 16:31:15.630  WARN 27924 --- [main] ConfigServletWebServerApplicationContext : Exception encountered during context initialization - cancelling refresh attempt: org.springframework.beans.factory.UnsatisfiedDependencyException: Error creating bean with name 'com.iteaj.iot.IotServeBootstrap': Unsatisfied dependency expressed through field 'serverBootstrapInitializing'; nested exception is org.springframework.beans.factory.BeanCurrentlyInCreationException: Error creating bean with name 'com.iteaj.iot.IotServeBootstrap': Requested bean is currently in creation: Is there an unresolvable circular reference?
2023-02-06 16:31:15.635  INFO 27924 --- [main] ConditionEvaluationReportLoggingListener : 

Error starting ApplicationContext. To display the conditions report re-run your application with 'debug' enabled.
2023-02-06 16:31:15.644 ERROR 27924 --- [main] o.s.b.d.LoggingFailureAnalysisReporter   : 

***************************
APPLICATION FAILED TO START
***************************

Description:

The dependencies of some of the beans in the application context form a cycle:

┌──->──┐
|  com.iteaj.iot.IotServeBootstrap (field private com.iteaj.iot.server.ServerBootstrapInitializing com.iteaj.iot.IotServeBootstrap.serverBootstrapInitializing)
└──<-──┘


Action:

Relying upon circular references is discouraged and they are prohibited by default. Update your application to remove the dependency cycle between beans. As a last resort, it may be possible to break the cycle automatically by setting spring.main.allow-circular-references to true.

2023-02-06 16:32:40.797  INFO 13896 --- [main] com.kun.GatewayNettyApplication          : Starting GatewayNettyApplication using Java 1.8.0_332 on DESKTOP-0U1JJ33 with PID 13896 (D:\JavaProject\gateway-netty\target\classes started by qzyn in D:\JavaProject\gateway-netty)
2023-02-06 16:32:40.799  INFO 13896 --- [main] com.kun.GatewayNettyApplication          : No active profile set, falling back to 1 default profile: "default"
2023-02-06 16:32:41.293  WARN 13896 --- [main] o.m.s.mapper.ClassPathMapperScanner      : No MyBatis mapper was found in '[com.kun]' package. Please check your configuration.
2023-02-06 16:32:41.296  INFO 13896 --- [main] faultConfiguringBeanFactoryPostProcessor : No bean named 'errorChannel' has been explicitly defined. Therefore, a default PublishSubscribeChannel will be created.
2023-02-06 16:32:41.309  INFO 13896 --- [main] faultConfiguringBeanFactoryPostProcessor : No bean named 'integrationHeaderChannelRegistry' has been explicitly defined. Therefore, a default DefaultHeaderChannelRegistry will be created.
2023-02-06 16:32:41.486  INFO 13896 --- [main] trationDelegate$BeanPostProcessorChecker : Bean 'iot.core-com.iteaj.iot.IotCoreProperties' of type [com.iteaj.iot.IotCoreProperties] is not eligible for getting processed by all BeanPostProcessors (for example: not eligible for auto-proxying)
2023-02-06 16:32:41.494  WARN 13896 --- [main] ConfigServletWebServerApplicationContext : Exception encountered during context initialization - cancelling refresh attempt: org.springframework.beans.factory.UnsatisfiedDependencyException: Error creating bean with name 'com.iteaj.iot.IotServeBootstrap': Unsatisfied dependency expressed through field 'serverBootstrapInitializing'; nested exception is org.springframework.beans.factory.BeanCurrentlyInCreationException: Error creating bean with name 'com.iteaj.iot.IotServeBootstrap': Requested bean is currently in creation: Is there an unresolvable circular reference?
2023-02-06 16:32:41.501  INFO 13896 --- [main] ConditionEvaluationReportLoggingListener : 

Error starting ApplicationContext. To display the conditions report re-run your application with 'debug' enabled.
2023-02-06 16:32:41.512 ERROR 13896 --- [main] o.s.b.d.LoggingFailureAnalysisReporter   : 

***************************
APPLICATION FAILED TO START
***************************

Description:

The dependencies of some of the beans in the application context form a cycle:

┌──->──┐
|  com.iteaj.iot.IotServeBootstrap (field private com.iteaj.iot.server.ServerBootstrapInitializing com.iteaj.iot.IotServeBootstrap.serverBootstrapInitializing)
└──<-──┘


Action:

Relying upon circular references is discouraged and they are prohibited by default. Update your application to remove the dependency cycle between beans. As a last resort, it may be possible to break the cycle automatically by setting spring.main.allow-circular-references to true.

2023-02-06 16:38:57.122  INFO 26688 --- [main] com.kun.GatewayNettyApplication          : Starting GatewayNettyApplication using Java 1.8.0_332 on DESKTOP-0U1JJ33 with PID 26688 (D:\JavaProject\gateway-netty\target\classes started by qzyn in D:\JavaProject\gateway-netty)
2023-02-06 16:38:57.124  INFO 26688 --- [main] com.kun.GatewayNettyApplication          : No active profile set, falling back to 1 default profile: "default"
2023-02-06 16:38:57.626  WARN 26688 --- [main] o.m.s.mapper.ClassPathMapperScanner      : No MyBatis mapper was found in '[com.kun]' package. Please check your configuration.
2023-02-06 16:38:57.629  INFO 26688 --- [main] faultConfiguringBeanFactoryPostProcessor : No bean named 'errorChannel' has been explicitly defined. Therefore, a default PublishSubscribeChannel will be created.
2023-02-06 16:38:57.636  INFO 26688 --- [main] faultConfiguringBeanFactoryPostProcessor : No bean named 'integrationHeaderChannelRegistry' has been explicitly defined. Therefore, a default DefaultHeaderChannelRegistry will be created.
2023-02-06 16:38:57.742  INFO 26688 --- [main] trationDelegate$BeanPostProcessorChecker : Bean 'iot.core-com.iteaj.iot.IotCoreProperties' of type [com.iteaj.iot.IotCoreProperties] is not eligible for getting processed by all BeanPostProcessors (for example: not eligible for auto-proxying)
2023-02-06 16:38:57.746  INFO 26688 --- [main] trationDelegate$BeanPostProcessorChecker : Bean 'serverBootstrapInitializing' of type [com.iteaj.iot.server.DefaultServerBootstrapInitializing] is not eligible for getting processed by all BeanPostProcessors (for example: not eligible for auto-proxying)
2023-02-06 16:38:57.747  INFO 26688 --- [main] trationDelegate$BeanPostProcessorChecker : Bean 'com.iteaj.iot.IotCoreConfiguration' of type [com.iteaj.iot.IotCoreConfiguration] is not eligible for getting processed by all BeanPostProcessors (for example: not eligible for auto-proxying)
2023-02-06 16:38:57.789  INFO 26688 --- [main] trationDelegate$BeanPostProcessorChecker : Bean 'iotThreadManager' of type [com.iteaj.iot.IotThreadManager] is not eligible for getting processed by all BeanPostProcessors (for example: not eligible for auto-proxying)
2023-02-06 16:38:57.791  INFO 26688 --- [main] trationDelegate$BeanPostProcessorChecker : Bean 'iot.server-com.iteaj.iot.server.IotServerProperties' of type [com.iteaj.iot.server.IotServerProperties] is not eligible for getting processed by all BeanPostProcessors (for example: not eligible for auto-proxying)
2023-02-06 16:38:57.804  INFO 26688 --- [main] trationDelegate$BeanPostProcessorChecker : Bean 'appServerComponent' of type [com.iteaj.iot.client.ClientProxyServerComponent] is not eligible for getting processed by all BeanPostProcessors (for example: not eligible for auto-proxying)
2023-02-06 16:38:57.806  INFO 26688 --- [main] trationDelegate$BeanPostProcessorChecker : Bean 'serverComponentFactory' of type [com.iteaj.iot.server.ServerComponentFactory] is not eligible for getting processed by all BeanPostProcessors (for example: not eligible for auto-proxying)
2023-02-06 16:38:57.808  INFO 26688 --- [main] trationDelegate$BeanPostProcessorChecker : Bean 'appClientServerHandle' of type [com.iteaj.iot.client.ClientProxyServerHandle] is not eligible for getting processed by all BeanPostProcessors (for example: not eligible for auto-proxying)
2023-02-06 16:38:57.808  INFO 26688 --- [main] trationDelegate$BeanPostProcessorChecker : Bean 'deviceRequestBusinessFactory' of type [com.iteaj.iot.server.ServerProtocolHandleFactory] is not eligible for getting processed by all BeanPostProcessors (for example: not eligible for auto-proxying)
2023-02-06 16:38:57.810  INFO 26688 --- [main] trationDelegate$BeanPostProcessorChecker : Bean 'businessHandler' of type [com.iteaj.iot.server.handle.ProtocolBusinessHandler] is not eligible for getting processed by all BeanPostProcessors (for example: not eligible for auto-proxying)
2023-02-06 16:38:57.812  INFO 26688 --- [main] trationDelegate$BeanPostProcessorChecker : Bean 'deviceProtocolEncoder' of type [com.iteaj.iot.server.codec.DeviceProtocolEncoder] is not eligible for getting processed by all BeanPostProcessors (for example: not eligible for auto-proxying)
2023-02-06 16:38:57.818  INFO 26688 --- [main] trationDelegate$BeanPostProcessorChecker : Bean 'com.iteaj.iot.IotServeBootstrap' of type [com.iteaj.iot.IotServeBootstrap] is not eligible for getting processed by all BeanPostProcessors (for example: not eligible for auto-proxying)
2023-02-06 16:38:57.820  INFO 26688 --- [main] trationDelegate$BeanPostProcessorChecker : Bean 'org.springframework.integration.config.IntegrationManagementConfiguration' of type [org.springframework.integration.config.IntegrationManagementConfiguration] is not eligible for getting processed by all BeanPostProcessors (for example: not eligible for auto-proxying)
2023-02-06 16:38:57.823  INFO 26688 --- [main] trationDelegate$BeanPostProcessorChecker : Bean 'integrationChannelResolver' of type [org.springframework.integration.support.channel.BeanFactoryChannelResolver] is not eligible for getting processed by all BeanPostProcessors (for example: not eligible for auto-proxying)
2023-02-06 16:38:57.947  INFO 26688 --- [main] o.s.b.w.embedded.tomcat.TomcatWebServer  : Tomcat initialized with port(s): 8943 (http)
2023-02-06 16:38:57.953  INFO 26688 --- [main] o.apache.catalina.core.StandardService   : Starting service [Tomcat]
2023-02-06 16:38:57.953  INFO 26688 --- [main] org.apache.catalina.core.StandardEngine  : Starting Servlet engine: [Apache Tomcat/9.0.65]
2023-02-06 16:38:58.030  INFO 26688 --- [main] o.a.c.c.C.[Tomcat].[localhost].[/]       : Initializing Spring embedded WebApplicationContext
2023-02-06 16:38:58.030  INFO 26688 --- [main] w.s.c.ServletWebServerApplicationContext : Root WebApplicationContext: initialization completed in 859 ms
2023-02-06 16:38:58.134 DEBUG 26688 --- [main] s.w.s.m.m.a.RequestMappingHandlerAdapter : ControllerAdvice beans: 0 @ModelAttribute, 0 @InitBinder, 1 RequestBodyAdvice, 1 ResponseBodyAdvice
2023-02-06 16:38:58.172 DEBUG 26688 --- [main] s.w.s.m.m.a.RequestMappingHandlerMapping : 2 mappings in 'requestMappingHandlerMapping'
2023-02-06 16:38:58.194 DEBUG 26688 --- [main] o.s.w.s.handler.SimpleUrlHandlerMapping  : Patterns [/webjars/**, /**] in 'resourceHandlerMapping'
2023-02-06 16:38:58.202 DEBUG 26688 --- [main] .m.m.a.ExceptionHandlerExceptionResolver : ControllerAdvice beans: 0 @ExceptionHandler, 1 ResponseBodyAdvice
2023-02-06 16:38:58.784  INFO 26688 --- [main] o.s.i.endpoint.EventDrivenConsumer       : Adding {logging-channel-adapter:_org.springframework.integration.errorLogger} as a subscriber to the 'errorChannel' channel
2023-02-06 16:38:58.784  INFO 26688 --- [main] o.s.i.channel.PublishSubscribeChannel    : Channel 'application.errorChannel' has 1 subscriber(s).
2023-02-06 16:38:58.784  INFO 26688 --- [main] o.s.i.endpoint.EventDrivenConsumer       : started bean '_org.springframework.integration.errorLogger'
2023-02-06 16:38:58.791  INFO 26688 --- [main] o.s.b.w.embedded.tomcat.TomcatWebServer  : Tomcat started on port(s): 8943 (http) with context path ''
2023-02-06 16:38:58.797  INFO 26688 --- [main] com.kun.GatewayNettyApplication          : Started GatewayNettyApplication in 2.052 seconds (JVM running for 2.696)
2023-02-06 16:38:59.159  INFO 26688 --- [IST-1-1] com.iteaj.iot.server.IotSocketServer     : 监听端口成功(客户端代理服务) 主机：0.0.0.0:30168 - 简介：用来代理应用客户端操作设备
2023-02-06 16:39:49.464  INFO 26688 --- [SpringApplicationShutdownHook] o.s.i.endpoint.EventDrivenConsumer       : Removing {logging-channel-adapter:_org.springframework.integration.errorLogger} as a subscriber to the 'errorChannel' channel
2023-02-06 16:39:49.464  INFO 26688 --- [SpringApplicationShutdownHook] o.s.i.channel.PublishSubscribeChannel    : Channel 'application.errorChannel' has 0 subscriber(s).
2023-02-06 16:39:49.465  INFO 26688 --- [SpringApplicationShutdownHook] o.s.i.endpoint.EventDrivenConsumer       : stopped bean '_org.springframework.integration.errorLogger'
2023-02-06 16:39:52.819  INFO 28080 --- [main] com.kun.GatewayNettyApplication          : Starting GatewayNettyApplication using Java 1.8.0_332 on DESKTOP-0U1JJ33 with PID 28080 (D:\JavaProject\gateway-netty\target\classes started by qzyn in D:\JavaProject\gateway-netty)
2023-02-06 16:39:52.821  INFO 28080 --- [main] com.kun.GatewayNettyApplication          : No active profile set, falling back to 1 default profile: "default"
2023-02-06 16:39:53.257  WARN 28080 --- [main] o.m.s.mapper.ClassPathMapperScanner      : No MyBatis mapper was found in '[com.kun]' package. Please check your configuration.
2023-02-06 16:39:53.259  INFO 28080 --- [main] faultConfiguringBeanFactoryPostProcessor : No bean named 'errorChannel' has been explicitly defined. Therefore, a default PublishSubscribeChannel will be created.
2023-02-06 16:39:53.266  INFO 28080 --- [main] faultConfiguringBeanFactoryPostProcessor : No bean named 'integrationHeaderChannelRegistry' has been explicitly defined. Therefore, a default DefaultHeaderChannelRegistry will be created.
2023-02-06 16:39:53.372  INFO 28080 --- [main] trationDelegate$BeanPostProcessorChecker : Bean 'iot.core-com.iteaj.iot.IotCoreProperties' of type [com.iteaj.iot.IotCoreProperties] is not eligible for getting processed by all BeanPostProcessors (for example: not eligible for auto-proxying)
2023-02-06 16:39:53.375  INFO 28080 --- [main] trationDelegate$BeanPostProcessorChecker : Bean 'serverBootstrapInitializing' of type [com.iteaj.iot.server.DefaultServerBootstrapInitializing] is not eligible for getting processed by all BeanPostProcessors (for example: not eligible for auto-proxying)
2023-02-06 16:39:53.377  INFO 28080 --- [main] trationDelegate$BeanPostProcessorChecker : Bean 'com.iteaj.iot.IotCoreConfiguration' of type [com.iteaj.iot.IotCoreConfiguration] is not eligible for getting processed by all BeanPostProcessors (for example: not eligible for auto-proxying)
2023-02-06 16:39:53.412  INFO 28080 --- [main] trationDelegate$BeanPostProcessorChecker : Bean 'iotThreadManager' of type [com.iteaj.iot.IotThreadManager] is not eligible for getting processed by all BeanPostProcessors (for example: not eligible for auto-proxying)
2023-02-06 16:39:53.415  INFO 28080 --- [main] trationDelegate$BeanPostProcessorChecker : Bean 'modbusTcpForDtuServerComponentConfiguration' of type [com.kun.config.ModbusTcpForDtuServerComponentConfiguration$$EnhancerBySpringCGLIB$$277b0871] is not eligible for getting processed by all BeanPostProcessors (for example: not eligible for auto-proxying)
2023-02-06 16:39:53.435  INFO 28080 --- [main] trationDelegate$BeanPostProcessorChecker : Bean 'modbusTcpForDtuServerComponent' of type [com.iteaj.iot.modbus.server.dtu.ModbusTcpForDtuServerComponent] is not eligible for getting processed by all BeanPostProcessors (for example: not eligible for auto-proxying)
2023-02-06 16:39:53.439  INFO 28080 --- [main] trationDelegate$BeanPostProcessorChecker : Bean 'iot.server-com.iteaj.iot.server.IotServerProperties' of type [com.iteaj.iot.server.IotServerProperties] is not eligible for getting processed by all BeanPostProcessors (for example: not eligible for auto-proxying)
2023-02-06 16:39:53.444  INFO 28080 --- [main] trationDelegate$BeanPostProcessorChecker : Bean 'appServerComponent' of type [com.iteaj.iot.client.ClientProxyServerComponent] is not eligible for getting processed by all BeanPostProcessors (for example: not eligible for auto-proxying)
2023-02-06 16:39:53.445  INFO 28080 --- [main] trationDelegate$BeanPostProcessorChecker : Bean 'serverComponentFactory' of type [com.iteaj.iot.server.ServerComponentFactory] is not eligible for getting processed by all BeanPostProcessors (for example: not eligible for auto-proxying)
2023-02-06 16:39:53.447  INFO 28080 --- [main] trationDelegate$BeanPostProcessorChecker : Bean 'appClientServerHandle' of type [com.iteaj.iot.client.ClientProxyServerHandle] is not eligible for getting processed by all BeanPostProcessors (for example: not eligible for auto-proxying)
2023-02-06 16:39:53.448  INFO 28080 --- [main] trationDelegate$BeanPostProcessorChecker : Bean 'deviceRequestBusinessFactory' of type [com.iteaj.iot.server.ServerProtocolHandleFactory] is not eligible for getting processed by all BeanPostProcessors (for example: not eligible for auto-proxying)
2023-02-06 16:39:53.450  INFO 28080 --- [main] trationDelegate$BeanPostProcessorChecker : Bean 'businessHandler' of type [com.iteaj.iot.server.handle.ProtocolBusinessHandler] is not eligible for getting processed by all BeanPostProcessors (for example: not eligible for auto-proxying)
2023-02-06 16:39:53.451  INFO 28080 --- [main] trationDelegate$BeanPostProcessorChecker : Bean 'deviceProtocolEncoder' of type [com.iteaj.iot.server.codec.DeviceProtocolEncoder] is not eligible for getting processed by all BeanPostProcessors (for example: not eligible for auto-proxying)
2023-02-06 16:39:53.456  INFO 28080 --- [main] trationDelegate$BeanPostProcessorChecker : Bean 'com.iteaj.iot.IotServeBootstrap' of type [com.iteaj.iot.IotServeBootstrap] is not eligible for getting processed by all BeanPostProcessors (for example: not eligible for auto-proxying)
2023-02-06 16:39:53.457  INFO 28080 --- [main] trationDelegate$BeanPostProcessorChecker : Bean 'org.springframework.integration.config.IntegrationManagementConfiguration' of type [org.springframework.integration.config.IntegrationManagementConfiguration] is not eligible for getting processed by all BeanPostProcessors (for example: not eligible for auto-proxying)
2023-02-06 16:39:53.460  INFO 28080 --- [main] trationDelegate$BeanPostProcessorChecker : Bean 'integrationChannelResolver' of type [org.springframework.integration.support.channel.BeanFactoryChannelResolver] is not eligible for getting processed by all BeanPostProcessors (for example: not eligible for auto-proxying)
2023-02-06 16:39:53.586  INFO 28080 --- [main] o.s.b.w.embedded.tomcat.TomcatWebServer  : Tomcat initialized with port(s): 8943 (http)
2023-02-06 16:39:53.593  INFO 28080 --- [main] o.apache.catalina.core.StandardService   : Starting service [Tomcat]
2023-02-06 16:39:53.593  INFO 28080 --- [main] org.apache.catalina.core.StandardEngine  : Starting Servlet engine: [Apache Tomcat/9.0.65]
2023-02-06 16:39:53.667  INFO 28080 --- [main] o.a.c.c.C.[Tomcat].[localhost].[/]       : Initializing Spring embedded WebApplicationContext
2023-02-06 16:39:53.667  INFO 28080 --- [main] w.s.c.ServletWebServerApplicationContext : Root WebApplicationContext: initialization completed in 820 ms
2023-02-06 16:39:53.781 DEBUG 28080 --- [main] s.w.s.m.m.a.RequestMappingHandlerAdapter : ControllerAdvice beans: 0 @ModelAttribute, 0 @InitBinder, 1 RequestBodyAdvice, 1 ResponseBodyAdvice
2023-02-06 16:39:53.821 DEBUG 28080 --- [main] s.w.s.m.m.a.RequestMappingHandlerMapping : 2 mappings in 'requestMappingHandlerMapping'
2023-02-06 16:39:53.842 DEBUG 28080 --- [main] o.s.w.s.handler.SimpleUrlHandlerMapping  : Patterns [/webjars/**, /**] in 'resourceHandlerMapping'
2023-02-06 16:39:53.848 DEBUG 28080 --- [main] .m.m.a.ExceptionHandlerExceptionResolver : ControllerAdvice beans: 0 @ExceptionHandler, 1 ResponseBodyAdvice
2023-02-06 16:39:54.438  INFO 28080 --- [main] o.s.i.endpoint.EventDrivenConsumer       : Adding {logging-channel-adapter:_org.springframework.integration.errorLogger} as a subscriber to the 'errorChannel' channel
2023-02-06 16:39:54.438  INFO 28080 --- [main] o.s.i.channel.PublishSubscribeChannel    : Channel 'application.errorChannel' has 1 subscriber(s).
2023-02-06 16:39:54.438  INFO 28080 --- [main] o.s.i.endpoint.EventDrivenConsumer       : started bean '_org.springframework.integration.errorLogger'
2023-02-06 16:39:54.445  INFO 28080 --- [main] o.s.b.w.embedded.tomcat.TomcatWebServer  : Tomcat started on port(s): 8943 (http) with context path ''
2023-02-06 16:39:54.452  INFO 28080 --- [main] com.kun.GatewayNettyApplication          : Started GatewayNettyApplication in 1.962 seconds (JVM running for 2.577)
2023-02-06 16:39:54.828  INFO 28080 --- [IST-1-1] com.iteaj.iot.server.IotSocketServer     : 监听端口成功(ModbusTcpForDtu) 主机：0.0.0.0:502 - 简介：使用Dtu连网且设备基于标准Modbus Tcp协议的iot服务端实现
2023-02-06 16:39:54.830  INFO 28080 --- [IST-1-1] com.iteaj.iot.server.IotSocketServer     : 监听端口成功(客户端代理服务) 主机：0.0.0.0:30168 - 简介：用来代理应用客户端操作设备
2023-02-06 17:16:06.161  INFO 28080 --- [SpringApplicationShutdownHook] o.s.i.endpoint.EventDrivenConsumer       : Removing {logging-channel-adapter:_org.springframework.integration.errorLogger} as a subscriber to the 'errorChannel' channel
2023-02-06 17:16:06.162  INFO 28080 --- [SpringApplicationShutdownHook] o.s.i.channel.PublishSubscribeChannel    : Channel 'application.errorChannel' has 0 subscriber(s).
2023-02-06 17:16:06.162  INFO 28080 --- [SpringApplicationShutdownHook] o.s.i.endpoint.EventDrivenConsumer       : stopped bean '_org.springframework.integration.errorLogger'
2023-02-06 17:16:15.561  INFO 22540 --- [main] com.kun.GatewayNettyApplication          : Starting GatewayNettyApplication using Java 1.8.0_332 on DESKTOP-0U1JJ33 with PID 22540 (D:\JavaProject\gateway-netty\target\classes started by qzyn in D:\JavaProject\gateway-netty)
2023-02-06 17:16:15.563  INFO 22540 --- [main] com.kun.GatewayNettyApplication          : No active profile set, falling back to 1 default profile: "default"
2023-02-06 17:16:16.003  WARN 22540 --- [main] o.m.s.mapper.ClassPathMapperScanner      : No MyBatis mapper was found in '[com.kun]' package. Please check your configuration.
2023-02-06 17:16:16.005  INFO 22540 --- [main] faultConfiguringBeanFactoryPostProcessor : No bean named 'errorChannel' has been explicitly defined. Therefore, a default PublishSubscribeChannel will be created.
2023-02-06 17:16:16.013  INFO 22540 --- [main] faultConfiguringBeanFactoryPostProcessor : No bean named 'integrationHeaderChannelRegistry' has been explicitly defined. Therefore, a default DefaultHeaderChannelRegistry will be created.
2023-02-06 17:16:16.136  INFO 22540 --- [main] trationDelegate$BeanPostProcessorChecker : Bean 'iot.core-com.iteaj.iot.IotCoreProperties' of type [com.iteaj.iot.IotCoreProperties] is not eligible for getting processed by all BeanPostProcessors (for example: not eligible for auto-proxying)
2023-02-06 17:16:16.139  INFO 22540 --- [main] trationDelegate$BeanPostProcessorChecker : Bean 'serverBootstrapInitializing' of type [com.iteaj.iot.server.DefaultServerBootstrapInitializing] is not eligible for getting processed by all BeanPostProcessors (for example: not eligible for auto-proxying)
2023-02-06 17:16:16.140  INFO 22540 --- [main] trationDelegate$BeanPostProcessorChecker : Bean 'com.iteaj.iot.IotCoreConfiguration' of type [com.iteaj.iot.IotCoreConfiguration] is not eligible for getting processed by all BeanPostProcessors (for example: not eligible for auto-proxying)
2023-02-06 17:16:16.176  INFO 22540 --- [main] trationDelegate$BeanPostProcessorChecker : Bean 'iotThreadManager' of type [com.iteaj.iot.IotThreadManager] is not eligible for getting processed by all BeanPostProcessors (for example: not eligible for auto-proxying)
2023-02-06 17:16:16.179  INFO 22540 --- [main] trationDelegate$BeanPostProcessorChecker : Bean 'modbusTcpForDtuServerComponentConfiguration' of type [com.kun.config.ModbusTcpForDtuServerComponentConfiguration$$EnhancerBySpringCGLIB$$c8ef11aa] is not eligible for getting processed by all BeanPostProcessors (for example: not eligible for auto-proxying)
2023-02-06 17:16:16.199  INFO 22540 --- [main] trationDelegate$BeanPostProcessorChecker : Bean 'modbusRtuForDtuServerComponent' of type [com.iteaj.iot.modbus.server.dtu.ModbusRtuForDtuServerComponent] is not eligible for getting processed by all BeanPostProcessors (for example: not eligible for auto-proxying)
2023-02-06 17:16:16.203  INFO 22540 --- [main] trationDelegate$BeanPostProcessorChecker : Bean 'iot.server-com.iteaj.iot.server.IotServerProperties' of type [com.iteaj.iot.server.IotServerProperties] is not eligible for getting processed by all BeanPostProcessors (for example: not eligible for auto-proxying)
2023-02-06 17:16:16.209  INFO 22540 --- [main] trationDelegate$BeanPostProcessorChecker : Bean 'appServerComponent' of type [com.iteaj.iot.client.ClientProxyServerComponent] is not eligible for getting processed by all BeanPostProcessors (for example: not eligible for auto-proxying)
2023-02-06 17:16:16.211  INFO 22540 --- [main] trationDelegate$BeanPostProcessorChecker : Bean 'serverComponentFactory' of type [com.iteaj.iot.server.ServerComponentFactory] is not eligible for getting processed by all BeanPostProcessors (for example: not eligible for auto-proxying)
2023-02-06 17:16:16.213  INFO 22540 --- [main] trationDelegate$BeanPostProcessorChecker : Bean 'appClientServerHandle' of type [com.iteaj.iot.client.ClientProxyServerHandle] is not eligible for getting processed by all BeanPostProcessors (for example: not eligible for auto-proxying)
2023-02-06 17:16:16.213  INFO 22540 --- [main] trationDelegate$BeanPostProcessorChecker : Bean 'deviceRequestBusinessFactory' of type [com.iteaj.iot.server.ServerProtocolHandleFactory] is not eligible for getting processed by all BeanPostProcessors (for example: not eligible for auto-proxying)
2023-02-06 17:16:16.215  INFO 22540 --- [main] trationDelegate$BeanPostProcessorChecker : Bean 'businessHandler' of type [com.iteaj.iot.server.handle.ProtocolBusinessHandler] is not eligible for getting processed by all BeanPostProcessors (for example: not eligible for auto-proxying)
2023-02-06 17:16:16.217  INFO 22540 --- [main] trationDelegate$BeanPostProcessorChecker : Bean 'deviceProtocolEncoder' of type [com.iteaj.iot.server.codec.DeviceProtocolEncoder] is not eligible for getting processed by all BeanPostProcessors (for example: not eligible for auto-proxying)
2023-02-06 17:16:16.222  INFO 22540 --- [main] trationDelegate$BeanPostProcessorChecker : Bean 'com.iteaj.iot.IotServeBootstrap' of type [com.iteaj.iot.IotServeBootstrap] is not eligible for getting processed by all BeanPostProcessors (for example: not eligible for auto-proxying)
2023-02-06 17:16:16.223  INFO 22540 --- [main] trationDelegate$BeanPostProcessorChecker : Bean 'org.springframework.integration.config.IntegrationManagementConfiguration' of type [org.springframework.integration.config.IntegrationManagementConfiguration] is not eligible for getting processed by all BeanPostProcessors (for example: not eligible for auto-proxying)
2023-02-06 17:16:16.227  INFO 22540 --- [main] trationDelegate$BeanPostProcessorChecker : Bean 'integrationChannelResolver' of type [org.springframework.integration.support.channel.BeanFactoryChannelResolver] is not eligible for getting processed by all BeanPostProcessors (for example: not eligible for auto-proxying)
2023-02-06 17:16:16.371  INFO 22540 --- [main] o.s.b.w.embedded.tomcat.TomcatWebServer  : Tomcat initialized with port(s): 8943 (http)
2023-02-06 17:16:16.377  INFO 22540 --- [main] o.apache.catalina.core.StandardService   : Starting service [Tomcat]
2023-02-06 17:16:16.377  INFO 22540 --- [main] org.apache.catalina.core.StandardEngine  : Starting Servlet engine: [Apache Tomcat/9.0.65]
2023-02-06 17:16:16.452  INFO 22540 --- [main] o.a.c.c.C.[Tomcat].[localhost].[/]       : Initializing Spring embedded WebApplicationContext
2023-02-06 17:16:16.452  INFO 22540 --- [main] w.s.c.ServletWebServerApplicationContext : Root WebApplicationContext: initialization completed in 860 ms
2023-02-06 17:16:16.581 DEBUG 22540 --- [main] s.w.s.m.m.a.RequestMappingHandlerAdapter : ControllerAdvice beans: 0 @ModelAttribute, 0 @InitBinder, 1 RequestBodyAdvice, 1 ResponseBodyAdvice
2023-02-06 17:16:16.629 DEBUG 22540 --- [main] s.w.s.m.m.a.RequestMappingHandlerMapping : 2 mappings in 'requestMappingHandlerMapping'
2023-02-06 17:16:16.655 DEBUG 22540 --- [main] o.s.w.s.handler.SimpleUrlHandlerMapping  : Patterns [/webjars/**, /**] in 'resourceHandlerMapping'
2023-02-06 17:16:16.661 DEBUG 22540 --- [main] .m.m.a.ExceptionHandlerExceptionResolver : ControllerAdvice beans: 0 @ExceptionHandler, 1 ResponseBodyAdvice
2023-02-06 17:16:17.599  INFO 22540 --- [main] o.s.i.endpoint.EventDrivenConsumer       : Adding {logging-channel-adapter:_org.springframework.integration.errorLogger} as a subscriber to the 'errorChannel' channel
2023-02-06 17:16:17.599  INFO 22540 --- [main] o.s.i.channel.PublishSubscribeChannel    : Channel 'application.errorChannel' has 1 subscriber(s).
2023-02-06 17:16:17.599  INFO 22540 --- [main] o.s.i.endpoint.EventDrivenConsumer       : started bean '_org.springframework.integration.errorLogger'
2023-02-06 17:16:17.608  INFO 22540 --- [main] o.s.b.w.embedded.tomcat.TomcatWebServer  : Tomcat started on port(s): 8943 (http) with context path ''
2023-02-06 17:16:17.623  INFO 22540 --- [main] com.kun.GatewayNettyApplication          : Started GatewayNettyApplication in 2.352 seconds (JVM running for 2.98)
2023-02-06 17:16:18.270  INFO 22540 --- [IST-1-1] com.iteaj.iot.server.IotSocketServer     : 监听端口成功(ModbusRtuForDtu) 主机：0.0.0.0:502 - 简介：使用Dtu连网且设备基于标准Modbus Rtu协议的iot服务端实现
2023-02-06 17:16:18.272  INFO 22540 --- [IST-1-1] com.iteaj.iot.server.IotSocketServer     : 监听端口成功(客户端代理服务) 主机：0.0.0.0:30168 - 简介：用来代理应用客户端操作设备
2023-02-06 17:39:07.865  INFO 22540 --- [SpringApplicationShutdownHook] o.s.i.endpoint.EventDrivenConsumer       : Removing {logging-channel-adapter:_org.springframework.integration.errorLogger} as a subscriber to the 'errorChannel' channel
2023-02-06 17:39:07.865  INFO 22540 --- [SpringApplicationShutdownHook] o.s.i.channel.PublishSubscribeChannel    : Channel 'application.errorChannel' has 0 subscriber(s).
2023-02-06 17:39:07.865  INFO 22540 --- [SpringApplicationShutdownHook] o.s.i.endpoint.EventDrivenConsumer       : stopped bean '_org.springframework.integration.errorLogger'
